# JRE version: OpenJDK Runtime Environment (21.0.10) (build 21.0.10+-14961533-b1163.108)
# Java VM: OpenJDK 64-Bit Server VM (21.0.10+-14961533-b1163.108, mixed mode, tiered, compressed oops, compressed class ptrs, g1 gc, windows-amd64)
GC Precious Log:
 CardTable entry size: 512
 Card Set container configuration: InlinePtr #cards 5 size 8 Array Of Cards #cards 12 size 40 Howl #buckets 4 coarsen threshold 1843 Howl Bitmap #cards 512 size 80 coarsen threshold 460 Card regions per heap region 1 cards per card region 2048
 CPUs: 4 total, 4 available
 Memory: 8000M
 Large Page Support: Disabled
 NUMA Support: Disabled
 Compressed Oops: Enabled (32-bit)
 Heap Region Size: 1M
 Heap Min Capacity: 8M
 Heap Initial Capacity: 126M
 Heap Max Capacity: 2G
 Pre-touch: Disabled
 Parallel Workers: 4
 Concurrent Workers: 1
 Concurrent Refinement Workers: 4
 Periodic GC: Disabled
Heap:
 garbage-first heap   total 348160K, used 195478K [0x0000000080000000, 0x0000000100000000)
  region size 1024K, 88 young (90112K), 0 survivors (0K)
 Metaspace       used 169370K, committed 176000K, reserved 1245184K
  class space    used 22847K, committed 25216K, reserved 1048576K
GC Heap History (20 events):
Event: 895.485 GC heap before
{Heap before GC invocations=63 (full 0):
 garbage-first heap   total 301056K, used 219159K [0x0000000080000000, 0x0000000100000000)
  region size 1024K, 79 young (80896K), 3 survivors (3072K)
 Metaspace       used 143597K, committed 146304K, reserved 1179648K
  class space    used 19509K, committed 20864K, reserved 1048576K
}
Event: 895.502 GC heap after
{Heap after GC invocations=64 (full 0):
 garbage-first heap   total 301056K, used 145968K [0x0000000080000000, 0x0000000100000000)
  region size 1024K, 7 young (7168K), 7 survivors (7168K)
 Metaspace       used 143597K, committed 146304K, reserved 1179648K
  class space    used 19509K, committed 20864K, reserved 1048576K
}
Event: 1230.330 GC heap before
{Heap before GC invocations=65 (full 0):
 garbage-first heap   total 301056K, used 200240K [0x0000000080000000, 0x0000000100000000)
  region size 1024K, 60 young (61440K), 7 survivors (7168K)
 Metaspace       used 144014K, committed 146816K, reserved 1179648K
  class space    used 19564K, committed 20928K, reserved 1048576K
}
Event: 1230.377 GC heap after
{Heap after GC invocations=66 (full 0):
 garbage-first heap   total 301056K, used 144928K [0x0000000080000000, 0x0000000100000000)
  region size 1024K, 4 young (4096K), 4 survivors (4096K)
 Metaspace       used 144014K, committed 146816K, reserved 1179648K
  class space    used 19564K, committed 20928K, reserved 1048576K
}
Event: 1234.722 GC heap before
{Heap before GC invocations=66 (full 0):
 garbage-first heap   total 301056K, used 298528K [0x0000000080000000, 0x0000000100000000)
  region size 1024K, 134 young (137216K), 4 survivors (4096K)
 Metaspace       used 147605K, committed 150336K, reserved 1179648K
  class space    used 19866K, committed 21248K, reserved 1048576K
}
Event: 1234.767 GC heap after
{Heap after GC invocations=67 (full 0):
 garbage-first heap   total 334848K, used 180863K [0x0000000080000000, 0x0000000100000000)
  region size 1024K, 18 young (18432K), 18 survivors (18432K)
 Metaspace       used 147605K, committed 150336K, reserved 1179648K
  class space    used 19866K, committed 21248K, reserved 1048576K
}
Event: 1236.601 GC heap before
{Heap before GC invocations=67 (full 0):
 garbage-first heap   total 334848K, used 317055K [0x0000000080000000, 0x0000000100000000)
  region size 1024K, 125 young (128000K), 18 survivors (18432K)
 Metaspace       used 150914K, committed 153728K, reserved 1245184K
  class space    used 20208K, committed 21632K, reserved 1048576K
}
Event: 1236.637 GC heap after
{Heap after GC invocations=68 (full 0):
 garbage-first heap   total 348160K, used 187392K [0x0000000080000000, 0x0000000100000000)
  region size 1024K, 11 young (11264K), 11 survivors (11264K)
 Metaspace       used 150914K, committed 153728K, reserved 1245184K
  class space    used 20208K, committed 21632K, reserved 1048576K
}
Event: 1237.309 GC heap before
{Heap before GC invocations=68 (full 0):
 garbage-first heap   total 348160K, used 227328K [0x0000000080000000, 0x0000000100000000)
  region size 1024K, 50 young (51200K), 11 survivors (11264K)
 Metaspace       used 153338K, committed 156160K, reserved 1245184K
  class space    used 20480K, committed 21888K, reserved 1048576K
}
Event: 1237.334 GC heap after
{Heap after GC invocations=69 (full 0):
 garbage-first heap   total 348160K, used 193536K [0x0000000080000000, 0x0000000100000000)
  region size 1024K, 7 young (7168K), 7 survivors (7168K)
 Metaspace       used 153338K, committed 156160K, reserved 1245184K
  class space    used 20480K, committed 21888K, reserved 1048576K
}
Event: 1253.024 GC heap before
{Heap before GC invocations=70 (full 0):
 garbage-first heap   total 348160K, used 265216K [0x0000000080000000, 0x0000000100000000)
  region size 1024K, 82 young (83968K), 7 survivors (7168K)
 Metaspace       used 155145K, committed 158080K, reserved 1245184K
  class space    used 20731K, committed 22208K, reserved 1048576K
}
Event: 1253.041 GC heap after
{Heap after GC invocations=71 (full 0):
 garbage-first heap   total 348160K, used 187220K [0x0000000080000000, 0x0000000100000000)
  region size 1024K, 7 young (7168K), 7 survivors (7168K)
 Metaspace       used 155145K, committed 158080K, reserved 1245184K
  class space    used 20731K, committed 22208K, reserved 1048576K
}
Event: 1254.849 GC heap before
{Heap before GC invocations=71 (full 0):
 garbage-first heap   total 348160K, used 308052K [0x0000000080000000, 0x0000000100000000)
  region size 1024K, 126 young (129024K), 7 survivors (7168K)
 Metaspace       used 168039K, committed 170944K, reserved 1245184K
  class space    used 22741K, committed 24192K, reserved 1048576K
}
Event: 1254.899 GC heap after
{Heap after GC invocations=72 (full 0):
 garbage-first heap   total 348160K, used 184765K [0x0000000080000000, 0x0000000100000000)
  region size 1024K, 16 young (16384K), 16 survivors (16384K)
 Metaspace       used 168039K, committed 170944K, reserved 1245184K
  class space    used 22741K, committed 24192K, reserved 1048576K
}
Event: 1256.332 GC heap before
{Heap before GC invocations=72 (full 0):
 garbage-first heap   total 348160K, used 250301K [0x0000000080000000, 0x0000000100000000)
  region size 1024K, 81 young (82944K), 16 survivors (16384K)
 Metaspace       used 173683K, committed 176640K, reserved 1245184K
  class space    used 23540K, committed 25024K, reserved 1048576K
}
Event: 1256.357 GC heap after
{Heap after GC invocations=73 (full 0):
 garbage-first heap   total 348160K, used 187392K [0x0000000080000000, 0x0000000100000000)
  region size 1024K, 4 young (4096K), 4 survivors (4096K)
 Metaspace       used 173683K, committed 176640K, reserved 1245184K
  class space    used 23540K, committed 25024K, reserved 1048576K
}
Event: 3545.075 GC heap before
{Heap before GC invocations=74 (full 0):
 garbage-first heap   total 348160K, used 331776K [0x0000000080000000, 0x0000000100000000)
  region size 1024K, 129 young (132096K), 4 survivors (4096K)
 Metaspace       used 175421K, committed 178304K, reserved 1245184K
  class space    used 23828K, committed 25280K, reserved 1048576K
}
Event: 3545.268 GC heap after
{Heap after GC invocations=75 (full 0):
 garbage-first heap   total 348160K, used 184820K [0x0000000080000000, 0x0000000100000000)
  region size 1024K, 2 young (2048K), 2 survivors (2048K)
 Metaspace       used 175421K, committed 178304K, reserved 1245184K
  class space    used 23828K, committed 25280K, reserved 1048576K
}
Event: 4856.970 GC heap before
{Heap before GC invocations=75 (full 0):
 garbage-first heap   total 348160K, used 214516K [0x0000000080000000, 0x0000000100000000)
  region size 1024K, 33 young (33792K), 2 survivors (2048K)
 Metaspace       used 175439K, committed 178304K, reserved 1245184K
  class space    used 23829K, committed 25280K, reserved 1048576K
}
Event: 4860.724 GC heap after
{Heap after GC invocations=76 (full 1):
 garbage-first heap   total 348160K, used 107414K [0x0000000080000000, 0x0000000100000000)
  region size 1024K, 0 young (0K), 0 survivors (0K)
 Metaspace       used 167414K, committed 175936K, reserved 1245184K
  class space    used 22431K, committed 25216K, reserved 1048576K
}

